<html>
<head>
<title>TestNG:  Release 3.5</title>
<link href="../testng.css" rel="stylesheet" type="text/css" />
<link href="../my-testng.css" rel="stylesheet" type="text/css" />

<style type="text/css">
.log { display: none;} 
.stack-trace { display: none;} 
</style>
<script type="text/javascript">
<!--
function flip(e) {
  current = e.style.display;
  if (current == 'block') {
    e.style.display = 'none';
    return 0;
  }
  else {
    e.style.display = 'block';
    return 1;
  }
}

function toggleBox(szDivId, elem, msg1, msg2)
{
  var res = -1;  if (document.getElementById) {
    res = flip(document.getElementById(szDivId));
  }
  else if (document.all) {
    // this is the way old msie versions work
    res = flip(document.all[szDivId]);
  }
  if(elem) {
    if(res == 0) elem.innerHTML = msg1; else elem.innerHTML = msg2;
  }

}

function toggleAllBoxes() {
  if (document.getElementsByTagName) {
    d = document.getElementsByTagName('div');
    for (i = 0; i < d.length; i++) {
      if (d[i].className == 'log') {
        flip(d[i]);
      }
    }
  }
}

// -->
</script>

</head>
<body>
<h2 align='center'>Release 3.5</h2><table border='1' align="center">
<tr>
<td>Tests passed/Failed/Skipped:</td><td>17/3/0</td>
</tr><tr>
<td>Started on:</td><td>Sun Jul 12 11:44:03 EDT 2020</td>
</tr>
<tr><td>Total time:</td><td>34 seconds (34232 ms)</td>
</tr><tr>
<td>Included groups:</td><td></td>
</tr><tr>
<td>Excluded groups:</td><td></td>
</tr>
</table><p/>
<small><i>(Hover the method name to see the test class name)</i></small><p/>
<table width='100%' border='1' class='invocation-failed'>
<tr><td colspan='4' align='center'><b>FAILED TESTS</b></td></tr>
<tr><td><b>Test method</b></td>
<td width="30%"><b>Exception</b></td>
<td width="10%"><b>Time (seconds)</b></td>
<td><b>Instance</b></td>
</tr>
<tr>
<td title='ngScripts.basicNg.validateSignUP()'><b>validateSignUP</b><br>Test class: ngScripts.basicNg</td>
<td><div><pre>java.lang.AssertionError: Testing validatesignip expected [12] but found [15]
	at ngScripts.basicNg.validateSignUP(basicNg.java:52)
... Removed 28 stack frames</pre></div><a href='#' onClick='toggleBox("stack-trace375457936", this, "Click to show all stack frames", "Click to hide stack frames")'>Click to show all stack frames</a>
<div class='stack-trace' id='stack-trace375457936'><pre>java.lang.AssertionError: Testing validatesignip expected [12] but found [15]
	at org.testng.Assert.fail(Assert.java:94)
	at org.testng.Assert.failNotEquals(Assert.java:496)
	at org.testng.Assert.assertEquals(Assert.java:125)
	at org.testng.Assert.assertEquals(Assert.java:372)
	at ngScripts.basicNg.validateSignUP(basicNg.java:52)
	at sun.reflect.NativeMethodAccessorImpl.invoke0(Native Method)
	at sun.reflect.NativeMethodAccessorImpl.invoke(Unknown Source)
	at sun.reflect.DelegatingMethodAccessorImpl.invoke(Unknown Source)
	at java.lang.reflect.Method.invoke(Unknown Source)
	at org.testng.internal.MethodInvocationHelper.invokeMethod(MethodInvocationHelper.java:85)
	at org.testng.internal.Invoker.invokeMethod(Invoker.java:639)
	at org.testng.internal.Invoker.invokeTestMethod(Invoker.java:816)
	at org.testng.internal.Invoker.invokeTestMethods(Invoker.java:1124)
	at org.testng.internal.TestMethodWorker.invokeTestMethods(TestMethodWorker.java:125)
	at org.testng.internal.TestMethodWorker.run(TestMethodWorker.java:108)
	at org.testng.TestRunner.privateRun(TestRunner.java:774)
	at org.testng.TestRunner.run(TestRunner.java:624)
	at org.testng.SuiteRunner.runTest(SuiteRunner.java:359)
	at org.testng.SuiteRunner.runSequentially(SuiteRunner.java:354)
	at org.testng.SuiteRunner.privateRun(SuiteRunner.java:312)
	at org.testng.SuiteRunner.run(SuiteRunner.java:261)
	at org.testng.SuiteRunnerWorker.runSuite(SuiteRunnerWorker.java:52)
	at org.testng.SuiteRunnerWorker.run(SuiteRunnerWorker.java:86)
	at org.testng.TestNG.runSuitesSequentially(TestNG.java:1215)
	at org.testng.TestNG.runSuitesLocally(TestNG.java:1140)
	at org.testng.TestNG.run(TestNG.java:1048)
	at org.testng.remote.AbstractRemoteTestNG.run(AbstractRemoteTestNG.java:115)
	at org.testng.remote.RemoteTestNG.initAndRun(RemoteTestNG.java:251)
	at org.testng.remote.RemoteTestNG.main(RemoteTestNG.java:77)
</pre></div></td>
<td>0</td>
<td>ngScripts.basicNg@7ac7a4e4</td></tr>
<tr>
<td title='scripts.basicNg.validateSignUP()'><b>validateSignUP</b><br>Test class: scripts.basicNg</td>
<td><div><pre>java.lang.AssertionError: Testing validatesignip expected [12] but found [15]
	at scripts.basicNg.validateSignUP(basicNg.java:52)
... Removed 28 stack frames</pre></div><a href='#' onClick='toggleBox("stack-trace501705927", this, "Click to show all stack frames", "Click to hide stack frames")'>Click to show all stack frames</a>
<div class='stack-trace' id='stack-trace501705927'><pre>java.lang.AssertionError: Testing validatesignip expected [12] but found [15]
	at org.testng.Assert.fail(Assert.java:94)
	at org.testng.Assert.failNotEquals(Assert.java:496)
	at org.testng.Assert.assertEquals(Assert.java:125)
	at org.testng.Assert.assertEquals(Assert.java:372)
	at scripts.basicNg.validateSignUP(basicNg.java:52)
	at sun.reflect.NativeMethodAccessorImpl.invoke0(Native Method)
	at sun.reflect.NativeMethodAccessorImpl.invoke(Unknown Source)
	at sun.reflect.DelegatingMethodAccessorImpl.invoke(Unknown Source)
	at java.lang.reflect.Method.invoke(Unknown Source)
	at org.testng.internal.MethodInvocationHelper.invokeMethod(MethodInvocationHelper.java:85)
	at org.testng.internal.Invoker.invokeMethod(Invoker.java:639)
	at org.testng.internal.Invoker.invokeTestMethod(Invoker.java:816)
	at org.testng.internal.Invoker.invokeTestMethods(Invoker.java:1124)
	at org.testng.internal.TestMethodWorker.invokeTestMethods(TestMethodWorker.java:125)
	at org.testng.internal.TestMethodWorker.run(TestMethodWorker.java:108)
	at org.testng.TestRunner.privateRun(TestRunner.java:774)
	at org.testng.TestRunner.run(TestRunner.java:624)
	at org.testng.SuiteRunner.runTest(SuiteRunner.java:359)
	at org.testng.SuiteRunner.runSequentially(SuiteRunner.java:354)
	at org.testng.SuiteRunner.privateRun(SuiteRunner.java:312)
	at org.testng.SuiteRunner.run(SuiteRunner.java:261)
	at org.testng.SuiteRunnerWorker.runSuite(SuiteRunnerWorker.java:52)
	at org.testng.SuiteRunnerWorker.run(SuiteRunnerWorker.java:86)
	at org.testng.TestNG.runSuitesSequentially(TestNG.java:1215)
	at org.testng.TestNG.runSuitesLocally(TestNG.java:1140)
	at org.testng.TestNG.run(TestNG.java:1048)
	at org.testng.remote.AbstractRemoteTestNG.run(AbstractRemoteTestNG.java:115)
	at org.testng.remote.RemoteTestNG.initAndRun(RemoteTestNG.java:251)
	at org.testng.remote.RemoteTestNG.main(RemoteTestNG.java:77)
</pre></div></td>
<td>0</td>
<td>scripts.basicNg@32d992b2</td></tr>
<tr>
<td title='ngScripts.yahooSignupV1.validateTitle()'><b>validateTitle</b><br>Test class: ngScripts.yahooSignupV1</td>
<td><div><pre>java.lang.AssertionError: expected [Yahoo signup] but found [Yahoo]
	at ngScripts.yahooSignupV1.validateTitle(yahooSignupV1.java:59)
... Removed 29 stack frames</pre></div><a href='#' onClick='toggleBox("stack-trace35534346", this, "Click to show all stack frames", "Click to hide stack frames")'>Click to show all stack frames</a>
<div class='stack-trace' id='stack-trace35534346'><pre>java.lang.AssertionError: expected [Yahoo signup] but found [Yahoo]
	at org.testng.Assert.fail(Assert.java:94)
	at org.testng.Assert.failNotEquals(Assert.java:496)
	at org.testng.Assert.assertEquals(Assert.java:125)
	at org.testng.Assert.assertEquals(Assert.java:178)
	at org.testng.Assert.assertEquals(Assert.java:188)
	at ngScripts.yahooSignupV1.validateTitle(yahooSignupV1.java:59)
	at sun.reflect.NativeMethodAccessorImpl.invoke0(Native Method)
	at sun.reflect.NativeMethodAccessorImpl.invoke(Unknown Source)
	at sun.reflect.DelegatingMethodAccessorImpl.invoke(Unknown Source)
	at java.lang.reflect.Method.invoke(Unknown Source)
	at org.testng.internal.MethodInvocationHelper.invokeMethod(MethodInvocationHelper.java:85)
	at org.testng.internal.Invoker.invokeMethod(Invoker.java:639)
	at org.testng.internal.Invoker.invokeTestMethod(Invoker.java:816)
	at org.testng.internal.Invoker.invokeTestMethods(Invoker.java:1124)
	at org.testng.internal.TestMethodWorker.invokeTestMethods(TestMethodWorker.java:125)
	at org.testng.internal.TestMethodWorker.run(TestMethodWorker.java:108)
	at org.testng.TestRunner.privateRun(TestRunner.java:774)
	at org.testng.TestRunner.run(TestRunner.java:624)
	at org.testng.SuiteRunner.runTest(SuiteRunner.java:359)
	at org.testng.SuiteRunner.runSequentially(SuiteRunner.java:354)
	at org.testng.SuiteRunner.privateRun(SuiteRunner.java:312)
	at org.testng.SuiteRunner.run(SuiteRunner.java:261)
	at org.testng.SuiteRunnerWorker.runSuite(SuiteRunnerWorker.java:52)
	at org.testng.SuiteRunnerWorker.run(SuiteRunnerWorker.java:86)
	at org.testng.TestNG.runSuitesSequentially(TestNG.java:1215)
	at org.testng.TestNG.runSuitesLocally(TestNG.java:1140)
	at org.testng.TestNG.run(TestNG.java:1048)
	at org.testng.remote.AbstractRemoteTestNG.run(AbstractRemoteTestNG.java:115)
	at org.testng.remote.RemoteTestNG.initAndRun(RemoteTestNG.java:251)
	at org.testng.remote.RemoteTestNG.main(RemoteTestNG.java:77)
</pre></div></td>
<td>0</td>
<td>ngScripts.yahooSignupV1@5f375618</td></tr>
</table><p>
<table width='100%' border='1' class='invocation-passed'>
<tr><td colspan='4' align='center'><b>PASSED TESTS</b></td></tr>
<tr><td><b>Test method</b></td>
<td width="30%"><b>Exception</b></td>
<td width="10%"><b>Time (seconds)</b></td>
<td><b>Instance</b></td>
</tr>
<tr>
<td title='ngScripts.basicNg.validateBrowser()'><b>validateBrowser</b><br>Test class: ngScripts.basicNg</td>
<td></td>
<td>0</td>
<td>ngScripts.basicNg@7ac7a4e4</td></tr>
<tr>
<td title='scripts.basicNg.validateBrowser()'><b>validateBrowser</b><br>Test class: scripts.basicNg</td>
<td></td>
<td>0</td>
<td>scripts.basicNg@32d992b2</td></tr>
<tr>
<td title='ngScripts.messengerTest.validateRoomsmenuAvailable()'><b>validateRoomsmenuAvailable</b><br>Test class: ngScripts.messengerTest</td>
<td></td>
<td>0</td>
<td>ngScripts.messengerTest@50c87b21</td></tr>
<tr>
<td title='ngScripts.yahooSignupV1.validateSignup()'><b>validateSignup</b><br>Test class: ngScripts.yahooSignupV1</td>
<td></td>
<td>2</td>
<td>ngScripts.yahooSignupV1@5f375618</td></tr>
<tr>
<td title='ngScripts.yahooSignUpv2.validateSignup()'><b>validateSignup</b><br>Test class: ngScripts.yahooSignUpv2</td>
<td></td>
<td>4</td>
<td>ngScripts.yahooSignUpv2@1810399e</td></tr>
<tr>
<td title='ngScripts.yahooSignupV1.validateSignupUrl()'><b>validateSignupUrl</b><br>Test class: ngScripts.yahooSignupV1</td>
<td></td>
<td>0</td>
<td>ngScripts.yahooSignupV1@5f375618</td></tr>
<tr>
<td title='ngScripts.basicNGOne.validateTitle()'><b>validateTitle</b><br>Test class: ngScripts.basicNGOne</td>
<td></td>
<td>0</td>
<td>ngScripts.basicNGOne@6d78f375</td></tr>
<tr>
<td title='ngScripts.messengerTest.validateTtitle()'><b>validateTtitle</b><br>Test class: ngScripts.messengerTest<br/>
<a href="#Output-741730375" onClick='toggleBox("Output-741730375", this, "Show output", "Hide output");'>Show output</a>

<a href="#Output-741730375" onClick="toggleAllBoxes();">Show all outputs</a>
<div class='log' id="Output-741730375">
Validating the messanger page title<br/>
</div>
</td>
<td></td>
<td>0</td>
<td>ngScripts.messengerTest@50c87b21</td></tr>
<tr>
<td title='ngScripts.basicNg.validateUrl()'><b>validateUrl</b><br>Test class: ngScripts.basicNg</td>
<td></td>
<td>0</td>
<td>ngScripts.basicNg@7ac7a4e4</td></tr>
<tr>
<td title='ngScripts.basicNGOne.validateUrl()'><b>validateUrl</b><br>Test class: ngScripts.basicNGOne</td>
<td></td>
<td>0</td>
<td>ngScripts.basicNGOne@6d78f375</td></tr>
<tr>
<td title='ngScripts.messengerTest.validateUrl()'><b>validateUrl</b><br>Test class: ngScripts.messengerTest<br/>
<a href="#Output-1337192014" onClick='toggleBox("Output-1337192014", this, "Show output", "Hide output");'>Show output</a>

<a href="#Output-1337192014" onClick="toggleAllBoxes();">Show all outputs</a>
<div class='log' id="Output-1337192014">
Validating the messanger page URL<br/>
</div>
</td>
<td></td>
<td>4</td>
<td>ngScripts.messengerTest@50c87b21</td></tr>
<tr>
<td title='scripts.basicNg.validateUrl()'><b>validateUrl</b><br>Test class: scripts.basicNg</td>
<td></td>
<td>0</td>
<td>scripts.basicNg@32d992b2</td></tr>
<tr>
<td title='ngScripts.basicNg.validatedisplay()'><b>validatedisplay</b><br>Test class: ngScripts.basicNg</td>
<td></td>
<td>0</td>
<td>ngScripts.basicNg@7ac7a4e4</td></tr>
<tr>
<td title='scripts.basicNg.validatedisplay()'><b>validatedisplay</b><br>Test class: scripts.basicNg</td>
<td></td>
<td>0</td>
<td>scripts.basicNg@32d992b2</td></tr>
<tr>
<td title='ngScripts.messengerTest.validatefeaturemenuAvailable()'><b>validatefeaturemenuAvailable</b><br>Test class: ngScripts.messengerTest<br/>
<a href="#Output-1567705314" onClick='toggleBox("Output-1567705314", this, "Show output", "Hide output");'>Show output</a>

<a href="#Output-1567705314" onClick="toggleAllBoxes();">Show all outputs</a>
<div class='log' id="Output-1567705314">
Validating if the feature menu is available<br/>
</div>
</td>
<td></td>
<td>0</td>
<td>ngScripts.messengerTest@50c87b21</td></tr>
<tr>
<td title='ngScripts.messengerTest.validatemessangerLink()'><b>validatemessangerLink</b><br>Test class: ngScripts.messengerTest<br/>
<a href="#Output-257608605" onClick='toggleBox("Output-257608605", this, "Show output", "Hide output");'>Show output</a>

<a href="#Output-257608605" onClick="toggleAllBoxes();">Show all outputs</a>
<div class='log' id="Output-257608605">
Validating the messanger page link<br/>
</div>
</td>
<td></td>
<td>0</td>
<td>ngScripts.messengerTest@50c87b21</td></tr>
<tr>
<td title='ngScripts.messengerTest.validateprivacymenuAvailable()'><b>validateprivacymenuAvailable</b><br>Test class: ngScripts.messengerTest</td>
<td></td>
<td>0</td>
<td>ngScripts.messengerTest@50c87b21</td></tr>
</table><p>
</body>
</html>