<?xml version="1.0" encoding="UTF-8"?>
<!-- Generated by org.testng.reporters.JUnitXMLReporter -->
<testsuite hostname="Razin-Anik" name="Release 3.5" tests="20" failures="3" timestamp="12 Jul 2020 15:44:37 GMT" time="34.232" errors="0">
  <testcase name="validateBrowser" time="0.008" classname="ngScripts.basicNg"/>
  <testcase name="validatedisplay" time="0.001" classname="ngScripts.basicNg"/>
  <testcase name="validateSignUP" time="0.003" classname="ngScripts.basicNg">
    <failure type="java.lang.AssertionError" message="Testing validatesignip expected [12] but found [15]">
      <![CDATA[java.lang.AssertionError: Testing validatesignip expected [12] but found [15]
	at ngScripts.basicNg.validateSignUP(basicNg.java:52)
... Removed 28 stack frames]]>
    </failure>
  </testcase> <!-- validateSignUP -->
  <testcase name="validateUrl" time="0.001" classname="ngScripts.basicNg"/>
  <testcase name="validateTitle" time="0.003" classname="ngScripts.basicNGOne"/>
  <testcase name="validateUrl" time="0.002" classname="ngScripts.basicNGOne"/>
  <testcase name="validatemessangerLink" time="0.129" classname="ngScripts.messengerTest"/>
  <testcase name="validateUrl" time="4.329" classname="ngScripts.messengerTest"/>
  <testcase name="validatefeaturemenuAvailable" time="0.041" classname="ngScripts.messengerTest"/>
  <testcase name="validateprivacymenuAvailable" time="0.043" classname="ngScripts.messengerTest"/>
  <testcase name="validateRoomsmenuAvailable" time="0.043" classname="ngScripts.messengerTest"/>
  <testcase name="validateTtitle" time="0.009" classname="ngScripts.messengerTest"/>
  <testcase name="validateSignupUrl" time="0.011" classname="ngScripts.yahooSignupV1"/>
  <testcase name="validateTitle" time="0.009" classname="ngScripts.yahooSignupV1">
    <failure type="java.lang.AssertionError" message="expected [Yahoo signup] but found [Yahoo]">
      <![CDATA[java.lang.AssertionError: expected [Yahoo signup] but found [Yahoo]
	at ngScripts.yahooSignupV1.validateTitle(yahooSignupV1.java:59)
... Removed 29 stack frames]]>
    </failure>
  </testcase> <!-- validateTitle -->
  <testcase name="validateSignup" time="2.291" classname="ngScripts.yahooSignupV1"/>
  <testcase name="validateSignup" time="4.233" classname="ngScripts.yahooSignUpv2"/>
  <testcase name="validateBrowser" time="0.0" classname="scripts.basicNg"/>
  <testcase name="validatedisplay" time="0.001" classname="scripts.basicNg"/>
  <testcase name="validateSignUP" time="0.0" classname="scripts.basicNg">
    <failure type="java.lang.AssertionError" message="Testing validatesignip expected [12] but found [15]">
      <![CDATA[java.lang.AssertionError: Testing validatesignip expected [12] but found [15]
	at scripts.basicNg.validateSignUP(basicNg.java:52)
... Removed 28 stack frames]]>
    </failure>
  </testcase> <!-- validateSignUP -->
  <testcase name="validateUrl" time="0.001" classname="scripts.basicNg"/>
</testsuite> <!-- Release 3.5 -->
