<?xml version="1.0" encoding="UTF-8"?>
<!-- Generated by org.testng.reporters.JUnitXMLReporter -->
<testsuite hostname="Razin-Anik" ignored="0" name="Release 3.5" tests="20" failures="3" timestamp="09 Aug 2020 15:33:49 GMT" time="34.496" errors="0">
  <testcase name="validateSignup" time="4.272" classname="ngScripts.yahooSignUpv2"/>
  <testcase name="validateBrowser" time="0.003" classname="ngScripts.basicNg">
    <failure type="java.lang.AssertionError" message="expected [Test12] but found [Test]">
      <![CDATA[java.lang.AssertionError: expected [Test12] but found [Test]
	at ngScripts.basicNg.validateBrowser(basicNg.java:30)
... Removed 31 stack frames]]>
    </failure>
  </testcase> <!-- validateBrowser -->
  <testcase name="validateBrowser" time="0.001" classname="scripts.basicNg"/>
  <testcase name="validateTitle" time="0.001" classname="ngScripts.basicNGOne"/>
  <testcase name="validatemessangerLink" time="0.073" classname="ngScripts.messengerTest"/>
  <testcase name="validateSignupUrl" time="0.012" classname="ngScripts.yahooSignupV1"/>
  <testcase name="validatedisplay" time="0.001" classname="ngScripts.basicNg"/>
  <testcase name="validatedisplay" time="0.0" classname="scripts.basicNg"/>
  <testcase name="validateUrl" time="0.002" classname="ngScripts.basicNGOne"/>
  <testcase name="validateUrl" time="3.408" classname="ngScripts.messengerTest"/>
  <testcase name="validateTitle" time="0.011" classname="ngScripts.yahooSignupV1">
    <failure type="java.lang.AssertionError" message="expected [Yahoo signup] but found [Yahoo]">
      <![CDATA[java.lang.AssertionError: expected [Yahoo signup] but found [Yahoo]
	at ngScripts.yahooSignupV1.validateTitle(yahooSignupV1.java:59)
... Removed 31 stack frames]]>
    </failure>
  </testcase> <!-- validateTitle -->
  <testcase name="validateSignUP" time="0.001" classname="ngScripts.basicNg"/>
  <testcase name="validateTtitle" time="0.009" classname="ngScripts.messengerTest"/>
  <testcase name="validateSignUP" time="0.001" classname="scripts.basicNg">
    <failure type="java.lang.AssertionError" message="Testing validatesignip expected [12] but found [15]">
      <![CDATA[java.lang.AssertionError: Testing validatesignip expected [12] but found [15]
	at scripts.basicNg.validateSignUP(basicNg.java:52)
... Removed 30 stack frames]]>
    </failure>
  </testcase> <!-- validateSignUP -->
  <testcase name="validateSignup" time="2.229" classname="ngScripts.yahooSignupV1"/>
  <testcase name="validateUrl" time="0.002" classname="ngScripts.basicNg"/>
  <testcase name="validatefeaturemenuAvailable" time="0.042" classname="ngScripts.messengerTest"/>
  <testcase name="validateUrl" time="0.001" classname="scripts.basicNg"/>
  <testcase name="validateprivacymenuAvailable" time="0.034" classname="ngScripts.messengerTest"/>
  <testcase name="validateRoomsmenuAvailable" time="0.043" classname="ngScripts.messengerTest"/>
</testsuite> <!-- Release 3.5 -->
