<html>
<head>
<title>TestNG:  Release 3.5</title>
<link href="../testng.css" rel="stylesheet" type="text/css" />
<link href="../my-testng.css" rel="stylesheet" type="text/css" />

<style type="text/css">
.log { display: none;} 
.stack-trace { display: none;} 
</style>
<script type="text/javascript">
<!--
function flip(e) {
  current = e.style.display;
  if (current == 'block') {
    e.style.display = 'none';
    return 0;
  }
  else {
    e.style.display = 'block';
    return 1;
  }
}

function toggleBox(szDivId, elem, msg1, msg2)
{
  var res = -1;  if (document.getElementById) {
    res = flip(document.getElementById(szDivId));
  }
  else if (document.all) {
    // this is the way old msie versions work
    res = flip(document.all[szDivId]);
  }
  if(elem) {
    if(res == 0) elem.innerHTML = msg1; else elem.innerHTML = msg2;
  }

}

function toggleAllBoxes() {
  if (document.getElementsByTagName) {
    d = document.getElementsByTagName('div');
    for (i = 0; i < d.length; i++) {
      if (d[i].className == 'log') {
        flip(d[i]);
      }
    }
  }
}

// -->
</script>

</head>
<body>
<h2 align='center'>Release 3.5</h2><table border='1' align="center">
<tr>
<td>Tests passed/Failed/Skipped:</td><td>17/3/0</td>
</tr><tr>
<td>Started on:</td><td>Sun Aug 09 11:33:15 EDT 2020</td>
</tr>
<tr><td>Total time:</td><td>34 seconds (34496 ms)</td>
</tr><tr>
<td>Included groups:</td><td></td>
</tr><tr>
<td>Excluded groups:</td><td></td>
</tr>
</table><p/>
<small><i>(Hover the method name to see the test class name)</i></small><p/>
<table width='100%' border='1' class='invocation-failed'>
<tr><td colspan='4' align='center'><b>FAILED TESTS</b></td></tr>
<tr><td><b>Test method</b></td>
<td width="30%"><b>Exception</b></td>
<td width="10%"><b>Time (seconds)</b></td>
<td><b>Instance</b></td>
</tr>
<tr>
<td title='ngScripts.basicNg.validateBrowser()'><b>validateBrowser</b><br>Test class: ngScripts.basicNg</td>
<td><div><pre>java.lang.AssertionError: expected [Test12] but found [Test]
	at ngScripts.basicNg.validateBrowser(basicNg.java:30)
... Removed 31 stack frames</pre></div><a href='#' onClick='toggleBox("stack-trace227755469", this, "Click to show all stack frames", "Click to hide stack frames")'>Click to show all stack frames</a>
<div class='stack-trace' id='stack-trace227755469'><pre>java.lang.AssertionError: expected [Test12] but found [Test]
	at org.testng.Assert.fail(Assert.java:94)
	at org.testng.Assert.failNotEquals(Assert.java:513)
	at org.testng.Assert.assertEqualsImpl(Assert.java:135)
	at org.testng.Assert.assertEquals(Assert.java:116)
	at org.testng.Assert.assertEquals(Assert.java:190)
	at org.testng.Assert.assertEquals(Assert.java:200)
	at ngScripts.basicNg.validateBrowser(basicNg.java:30)
	at sun.reflect.NativeMethodAccessorImpl.invoke0(Native Method)
	at sun.reflect.NativeMethodAccessorImpl.invoke(NativeMethodAccessorImpl.java:62)
	at sun.reflect.DelegatingMethodAccessorImpl.invoke(DelegatingMethodAccessorImpl.java:43)
	at java.lang.reflect.Method.invoke(Method.java:498)
	at org.testng.internal.MethodInvocationHelper.invokeMethod(MethodInvocationHelper.java:104)
	at org.testng.internal.Invoker.invokeMethod(Invoker.java:645)
	at org.testng.internal.Invoker.invokeTestMethod(Invoker.java:851)
	at org.testng.internal.Invoker.invokeTestMethods(Invoker.java:1177)
	at org.testng.internal.TestMethodWorker.invokeTestMethods(TestMethodWorker.java:129)
	at org.testng.internal.TestMethodWorker.run(TestMethodWorker.java:112)
	at org.testng.TestRunner.privateRun(TestRunner.java:756)
	at org.testng.TestRunner.run(TestRunner.java:610)
	at org.testng.SuiteRunner.runTest(SuiteRunner.java:387)
	at org.testng.SuiteRunner.runSequentially(SuiteRunner.java:382)
	at org.testng.SuiteRunner.privateRun(SuiteRunner.java:340)
	at org.testng.SuiteRunner.run(SuiteRunner.java:289)
	at org.testng.SuiteRunnerWorker.runSuite(SuiteRunnerWorker.java:52)
	at org.testng.SuiteRunnerWorker.run(SuiteRunnerWorker.java:86)
	at org.testng.TestNG.runSuitesSequentially(TestNG.java:1293)
	at org.testng.TestNG.runSuitesLocally(TestNG.java:1218)
	at org.testng.TestNG.runSuites(TestNG.java:1133)
	at org.testng.TestNG.run(TestNG.java:1104)
	at org.testng.remote.AbstractRemoteTestNG.run(AbstractRemoteTestNG.java:115)
	at org.testng.remote.RemoteTestNG.initAndRun(RemoteTestNG.java:251)
	at org.testng.remote.RemoteTestNG.main(RemoteTestNG.java:77)
</pre></div></td>
<td>0</td>
<td>ngScripts.basicNg@396a51ab</td></tr>
<tr>
<td title='scripts.basicNg.validateSignUP()'><b>validateSignUP</b><br>Test class: scripts.basicNg</td>
<td><div><pre>java.lang.AssertionError: Testing validatesignip expected [12] but found [15]
	at scripts.basicNg.validateSignUP(basicNg.java:52)
... Removed 30 stack frames</pre></div><a href='#' onClick='toggleBox("stack-trace37926966", this, "Click to show all stack frames", "Click to hide stack frames")'>Click to show all stack frames</a>
<div class='stack-trace' id='stack-trace37926966'><pre>java.lang.AssertionError: Testing validatesignip expected [12] but found [15]
	at org.testng.Assert.fail(Assert.java:94)
	at org.testng.Assert.failNotEquals(Assert.java:513)
	at org.testng.Assert.assertEqualsImpl(Assert.java:135)
	at org.testng.Assert.assertEquals(Assert.java:116)
	at org.testng.Assert.assertEquals(Assert.java:389)
	at scripts.basicNg.validateSignUP(basicNg.java:52)
	at sun.reflect.NativeMethodAccessorImpl.invoke0(Native Method)
	at sun.reflect.NativeMethodAccessorImpl.invoke(NativeMethodAccessorImpl.java:62)
	at sun.reflect.DelegatingMethodAccessorImpl.invoke(DelegatingMethodAccessorImpl.java:43)
	at java.lang.reflect.Method.invoke(Method.java:498)
	at org.testng.internal.MethodInvocationHelper.invokeMethod(MethodInvocationHelper.java:104)
	at org.testng.internal.Invoker.invokeMethod(Invoker.java:645)
	at org.testng.internal.Invoker.invokeTestMethod(Invoker.java:851)
	at org.testng.internal.Invoker.invokeTestMethods(Invoker.java:1177)
	at org.testng.internal.TestMethodWorker.invokeTestMethods(TestMethodWorker.java:129)
	at org.testng.internal.TestMethodWorker.run(TestMethodWorker.java:112)
	at org.testng.TestRunner.privateRun(TestRunner.java:756)
	at org.testng.TestRunner.run(TestRunner.java:610)
	at org.testng.SuiteRunner.runTest(SuiteRunner.java:387)
	at org.testng.SuiteRunner.runSequentially(SuiteRunner.java:382)
	at org.testng.SuiteRunner.privateRun(SuiteRunner.java:340)
	at org.testng.SuiteRunner.run(SuiteRunner.java:289)
	at org.testng.SuiteRunnerWorker.runSuite(SuiteRunnerWorker.java:52)
	at org.testng.SuiteRunnerWorker.run(SuiteRunnerWorker.java:86)
	at org.testng.TestNG.runSuitesSequentially(TestNG.java:1293)
	at org.testng.TestNG.runSuitesLocally(TestNG.java:1218)
	at org.testng.TestNG.runSuites(TestNG.java:1133)
	at org.testng.TestNG.run(TestNG.java:1104)
	at org.testng.remote.AbstractRemoteTestNG.run(AbstractRemoteTestNG.java:115)
	at org.testng.remote.RemoteTestNG.initAndRun(RemoteTestNG.java:251)
	at org.testng.remote.RemoteTestNG.main(RemoteTestNG.java:77)
</pre></div></td>
<td>0</td>
<td>scripts.basicNg@735b5592</td></tr>
<tr>
<td title='ngScripts.yahooSignupV1.validateTitle()'><b>validateTitle</b><br>Test class: ngScripts.yahooSignupV1</td>
<td><div><pre>java.lang.AssertionError: expected [Yahoo signup] but found [Yahoo]
	at ngScripts.yahooSignupV1.validateTitle(yahooSignupV1.java:59)
... Removed 31 stack frames</pre></div><a href='#' onClick='toggleBox("stack-trace656479172", this, "Click to show all stack frames", "Click to hide stack frames")'>Click to show all stack frames</a>
<div class='stack-trace' id='stack-trace656479172'><pre>java.lang.AssertionError: expected [Yahoo signup] but found [Yahoo]
	at org.testng.Assert.fail(Assert.java:94)
	at org.testng.Assert.failNotEquals(Assert.java:513)
	at org.testng.Assert.assertEqualsImpl(Assert.java:135)
	at org.testng.Assert.assertEquals(Assert.java:116)
	at org.testng.Assert.assertEquals(Assert.java:190)
	at org.testng.Assert.assertEquals(Assert.java:200)
	at ngScripts.yahooSignupV1.validateTitle(yahooSignupV1.java:59)
	at sun.reflect.NativeMethodAccessorImpl.invoke0(Native Method)
	at sun.reflect.NativeMethodAccessorImpl.invoke(NativeMethodAccessorImpl.java:62)
	at sun.reflect.DelegatingMethodAccessorImpl.invoke(DelegatingMethodAccessorImpl.java:43)
	at java.lang.reflect.Method.invoke(Method.java:498)
	at org.testng.internal.MethodInvocationHelper.invokeMethod(MethodInvocationHelper.java:104)
	at org.testng.internal.Invoker.invokeMethod(Invoker.java:645)
	at org.testng.internal.Invoker.invokeTestMethod(Invoker.java:851)
	at org.testng.internal.Invoker.invokeTestMethods(Invoker.java:1177)
	at org.testng.internal.TestMethodWorker.invokeTestMethods(TestMethodWorker.java:129)
	at org.testng.internal.TestMethodWorker.run(TestMethodWorker.java:112)
	at org.testng.TestRunner.privateRun(TestRunner.java:756)
	at org.testng.TestRunner.run(TestRunner.java:610)
	at org.testng.SuiteRunner.runTest(SuiteRunner.java:387)
	at org.testng.SuiteRunner.runSequentially(SuiteRunner.java:382)
	at org.testng.SuiteRunner.privateRun(SuiteRunner.java:340)
	at org.testng.SuiteRunner.run(SuiteRunner.java:289)
	at org.testng.SuiteRunnerWorker.runSuite(SuiteRunnerWorker.java:52)
	at org.testng.SuiteRunnerWorker.run(SuiteRunnerWorker.java:86)
	at org.testng.TestNG.runSuitesSequentially(TestNG.java:1293)
	at org.testng.TestNG.runSuitesLocally(TestNG.java:1218)
	at org.testng.TestNG.runSuites(TestNG.java:1133)
	at org.testng.TestNG.run(TestNG.java:1104)
	at org.testng.remote.AbstractRemoteTestNG.run(AbstractRemoteTestNG.java:115)
	at org.testng.remote.RemoteTestNG.initAndRun(RemoteTestNG.java:251)
	at org.testng.remote.RemoteTestNG.main(RemoteTestNG.java:77)
</pre></div></td>
<td>0</td>
<td>ngScripts.yahooSignupV1@9629756</td></tr>
</table><p>
<table width='100%' border='1' class='invocation-passed'>
<tr><td colspan='4' align='center'><b>PASSED TESTS</b></td></tr>
<tr><td><b>Test method</b></td>
<td width="30%"><b>Exception</b></td>
<td width="10%"><b>Time (seconds)</b></td>
<td><b>Instance</b></td>
</tr>
<tr>
<td title='scripts.basicNg.validateBrowser()'><b>validateBrowser</b><br>Test class: scripts.basicNg</td>
<td></td>
<td>0</td>
<td>scripts.basicNg@735b5592</td></tr>
<tr>
<td title='ngScripts.messengerTest.validateRoomsmenuAvailable()'><b>validateRoomsmenuAvailable</b><br>Test class: ngScripts.messengerTest</td>
<td></td>
<td>0</td>
<td>ngScripts.messengerTest@7f9a81e8</td></tr>
<tr>
<td title='ngScripts.basicNg.validateSignUP()'><b>validateSignUP</b><br>Test class: ngScripts.basicNg</td>
<td></td>
<td>0</td>
<td>ngScripts.basicNg@396a51ab</td></tr>
<tr>
<td title='ngScripts.yahooSignUpv2.validateSignup()'><b>validateSignup</b><br>Test class: ngScripts.yahooSignUpv2</td>
<td></td>
<td>4</td>
<td>ngScripts.yahooSignUpv2@62ee68d8</td></tr>
<tr>
<td title='ngScripts.yahooSignupV1.validateSignup()'><b>validateSignup</b><br>Test class: ngScripts.yahooSignupV1</td>
<td></td>
<td>2</td>
<td>ngScripts.yahooSignupV1@9629756</td></tr>
<tr>
<td title='ngScripts.yahooSignupV1.validateSignupUrl()'><b>validateSignupUrl</b><br>Test class: ngScripts.yahooSignupV1</td>
<td></td>
<td>0</td>
<td>ngScripts.yahooSignupV1@9629756</td></tr>
<tr>
<td title='ngScripts.basicNGOne.validateTitle()'><b>validateTitle</b><br>Test class: ngScripts.basicNGOne</td>
<td></td>
<td>0</td>
<td>ngScripts.basicNGOne@51081592</td></tr>
<tr>
<td title='ngScripts.messengerTest.validateTtitle()'><b>validateTtitle</b><br>Test class: ngScripts.messengerTest<br/>
<a href="#Output-124888672" onClick='toggleBox("Output-124888672", this, "Show output", "Hide output");'>Show output</a>

<a href="#Output-124888672" onClick="toggleAllBoxes();">Show all outputs</a>
<div class='log' id="Output-124888672">
Validating the messanger page title<br/>
</div>
</td>
<td></td>
<td>0</td>
<td>ngScripts.messengerTest@7f9a81e8</td></tr>
<tr>
<td title='ngScripts.basicNGOne.validateUrl()'><b>validateUrl</b><br>Test class: ngScripts.basicNGOne</td>
<td></td>
<td>0</td>
<td>ngScripts.basicNGOne@51081592</td></tr>
<tr>
<td title='ngScripts.messengerTest.validateUrl()'><b>validateUrl</b><br>Test class: ngScripts.messengerTest<br/>
<a href="#Output-2108763062" onClick='toggleBox("Output-2108763062", this, "Show output", "Hide output");'>Show output</a>

<a href="#Output-2108763062" onClick="toggleAllBoxes();">Show all outputs</a>
<div class='log' id="Output-2108763062">
Validating the messanger page URL<br/>
</div>
</td>
<td></td>
<td>3</td>
<td>ngScripts.messengerTest@7f9a81e8</td></tr>
<tr>
<td title='ngScripts.basicNg.validateUrl()'><b>validateUrl</b><br>Test class: ngScripts.basicNg</td>
<td></td>
<td>0</td>
<td>ngScripts.basicNg@396a51ab</td></tr>
<tr>
<td title='scripts.basicNg.validateUrl()'><b>validateUrl</b><br>Test class: scripts.basicNg</td>
<td></td>
<td>0</td>
<td>scripts.basicNg@735b5592</td></tr>
<tr>
<td title='ngScripts.basicNg.validatedisplay()'><b>validatedisplay</b><br>Test class: ngScripts.basicNg</td>
<td></td>
<td>0</td>
<td>ngScripts.basicNg@396a51ab</td></tr>
<tr>
<td title='scripts.basicNg.validatedisplay()'><b>validatedisplay</b><br>Test class: scripts.basicNg</td>
<td></td>
<td>0</td>
<td>scripts.basicNg@735b5592</td></tr>
<tr>
<td title='ngScripts.messengerTest.validatefeaturemenuAvailable()'><b>validatefeaturemenuAvailable</b><br>Test class: ngScripts.messengerTest<br/>
<a href="#Output-1514476350" onClick='toggleBox("Output-1514476350", this, "Show output", "Hide output");'>Show output</a>

<a href="#Output-1514476350" onClick="toggleAllBoxes();">Show all outputs</a>
<div class='log' id="Output-1514476350">
Validating if the feature menu is available<br/>
</div>
</td>
<td></td>
<td>0</td>
<td>ngScripts.messengerTest@7f9a81e8</td></tr>
<tr>
<td title='ngScripts.messengerTest.validatemessangerLink()'><b>validatemessangerLink</b><br>Test class: ngScripts.messengerTest<br/>
<a href="#Output-194707680" onClick='toggleBox("Output-194707680", this, "Show output", "Hide output");'>Show output</a>

<a href="#Output-194707680" onClick="toggleAllBoxes();">Show all outputs</a>
<div class='log' id="Output-194707680">
Validating the messanger page link<br/>
</div>
</td>
<td></td>
<td>0</td>
<td>ngScripts.messengerTest@7f9a81e8</td></tr>
<tr>
<td title='ngScripts.messengerTest.validateprivacymenuAvailable()'><b>validateprivacymenuAvailable</b><br>Test class: ngScripts.messengerTest</td>
<td></td>
<td>0</td>
<td>ngScripts.messengerTest@7f9a81e8</td></tr>
</table><p>
</body>
</html>