<?xml version="1.0" encoding="UTF-8"?>
<testng-results skipped="0" failed="1" total="4" passed="3">
  <reporter-output>
  </reporter-output>
  <suite name="Default suite" duration-ms="67" started-at="2020-07-19T16:29:45Z" finished-at="2020-07-19T16:29:45Z">
    <groups>
    </groups>
    <test name="Default test" duration-ms="67" started-at="2020-07-19T16:29:45Z" finished-at="2020-07-19T16:29:45Z">
      <class name="ngScripts.basicNg">
        <test-method status="PASS" signature="beforetest()[pri:0, instance:ngScripts.basicNg@15bb6bea]" name="beforetest" is-config="true" duration-ms="12" started-at="2020-07-19T12:29:45Z" finished-at="2020-07-19T12:29:45Z">
          <reporter-output>
          </reporter-output>
        </test-method> <!-- beforetest -->
        <test-method status="FAIL" signature="validateBrowser()[pri:1, instance:ngScripts.basicNg@15bb6bea]" name="validateBrowser" duration-ms="13" started-at="2020-07-19T12:29:45Z" finished-at="2020-07-19T12:29:45Z">
          <exception class="java.lang.AssertionError">
            <message>
              <![CDATA[expected [Test12] but found [Test]]]>
            </message>
            <full-stacktrace>
              <![CDATA[java.lang.AssertionError: expected [Test12] but found [Test]
	at org.testng.Assert.fail(Assert.java:94)
	at org.testng.Assert.failNotEquals(Assert.java:496)
	at org.testng.Assert.assertEquals(Assert.java:125)
	at org.testng.Assert.assertEquals(Assert.java:178)
	at org.testng.Assert.assertEquals(Assert.java:188)
	at ngScripts.basicNg.validateBrowser(basicNg.java:30)
	at sun.reflect.NativeMethodAccessorImpl.invoke0(Native Method)
	at sun.reflect.NativeMethodAccessorImpl.invoke(Unknown Source)
	at sun.reflect.DelegatingMethodAccessorImpl.invoke(Unknown Source)
	at java.lang.reflect.Method.invoke(Unknown Source)
	at org.testng.internal.MethodInvocationHelper.invokeMethod(MethodInvocationHelper.java:85)
	at org.testng.internal.Invoker.invokeMethod(Invoker.java:639)
	at org.testng.internal.Invoker.invokeTestMethod(Invoker.java:816)
	at org.testng.internal.Invoker.invokeTestMethods(Invoker.java:1124)
	at org.testng.internal.TestMethodWorker.invokeTestMethods(TestMethodWorker.java:125)
	at org.testng.internal.TestMethodWorker.run(TestMethodWorker.java:108)
	at org.testng.TestRunner.privateRun(TestRunner.java:774)
	at org.testng.TestRunner.run(TestRunner.java:624)
	at org.testng.SuiteRunner.runTest(SuiteRunner.java:359)
	at org.testng.SuiteRunner.runSequentially(SuiteRunner.java:354)
	at org.testng.SuiteRunner.privateRun(SuiteRunner.java:312)
	at org.testng.SuiteRunner.run(SuiteRunner.java:261)
	at org.testng.SuiteRunnerWorker.runSuite(SuiteRunnerWorker.java:52)
	at org.testng.SuiteRunnerWorker.run(SuiteRunnerWorker.java:86)
	at org.testng.TestNG.runSuitesSequentially(TestNG.java:1215)
	at org.testng.TestNG.runSuitesLocally(TestNG.java:1140)
	at org.testng.TestNG.run(TestNG.java:1048)
	at org.testng.remote.AbstractRemoteTestNG.run(AbstractRemoteTestNG.java:115)
	at org.testng.remote.RemoteTestNG.initAndRun(RemoteTestNG.java:251)
	at org.testng.remote.RemoteTestNG.main(RemoteTestNG.java:77)
]]>
            </full-stacktrace>
          </exception> <!-- java.lang.AssertionError -->
          <reporter-output>
          </reporter-output>
        </test-method> <!-- validateBrowser -->
        <test-method status="PASS" signature="validatedisplay()[pri:2, instance:ngScripts.basicNg@15bb6bea]" name="validatedisplay" duration-ms="2" started-at="2020-07-19T12:29:45Z" finished-at="2020-07-19T12:29:45Z">
          <reporter-output>
          </reporter-output>
        </test-method> <!-- validatedisplay -->
        <test-method status="PASS" signature="validateSignUP()[pri:3, instance:ngScripts.basicNg@15bb6bea]" name="validateSignUP" duration-ms="5" started-at="2020-07-19T12:29:45Z" finished-at="2020-07-19T12:29:45Z">
          <reporter-output>
          </reporter-output>
        </test-method> <!-- validateSignUP -->
        <test-method status="PASS" signature="validateUrl()[pri:4, instance:ngScripts.basicNg@15bb6bea]" name="validateUrl" duration-ms="3" started-at="2020-07-19T12:29:45Z" finished-at="2020-07-19T12:29:45Z">
          <reporter-output>
          </reporter-output>
        </test-method> <!-- validateUrl -->
        <test-method status="PASS" signature="aftertest()[pri:0, instance:ngScripts.basicNg@15bb6bea]" name="aftertest" is-config="true" duration-ms="0" started-at="2020-07-19T12:29:45Z" finished-at="2020-07-19T12:29:45Z">
          <reporter-output>
          </reporter-output>
        </test-method> <!-- aftertest -->
      </class> <!-- ngScripts.basicNg -->
    </test> <!-- Default test -->
  </suite> <!-- Default suite -->
</testng-results>
