<?xml version="1.0" encoding="UTF-8"?>
<!-- Generated by org.testng.reporters.JUnitXMLReporter -->
<testsuite hostname="Razin-Anik" name="sprint 2.2" tests="5" failures="1" timestamp="12 Jul 2020 15:48:52 GMT" time="23.282" errors="0">
  <testcase name="validatemessangerLink" time="0.135" classname="ngScripts.messengerTest"/>
  <testcase name="validateUrl" time="3.712" classname="ngScripts.messengerTest"/>
  <testcase name="validateSignupUrl" time="0.014" classname="ngScripts.yahooSignupV1"/>
  <testcase name="validateTitle" time="0.011" classname="ngScripts.yahooSignupV1">
    <failure type="java.lang.AssertionError" message="expected [Yahoo signup] but found [Yahoo]">
      <![CDATA[java.lang.AssertionError: expected [Yahoo signup] but found [Yahoo]
	at ngScripts.yahooSignupV1.validateTitle(yahooSignupV1.java:59)
... Removed 29 stack frames]]>
    </failure>
  </testcase> <!-- validateTitle -->
  <testcase name="validateSignup" time="2.314" classname="ngScripts.yahooSignupV1"/>
</testsuite> <!-- sprint 2.2 -->
